0 verbose cli /usr/local/bin/node /usr/local/bin/npm
1 info using npm@9.5.1
2 info using node@v16.19.1
3 timing npm:load:whichnode Completed in 1ms
4 timing config:load:defaults Completed in 1ms
5 timing config:load:file:/usr/local/lib/node_modules/npm/npmrc Completed in 1ms
6 timing config:load:builtin Completed in 1ms
7 timing config:load:cli Completed in 1ms
8 timing config:load:env Completed in 0ms
9 timing config:load:project Completed in 1ms
10 timing config:load:file:/home/container/.npmrc Completed in 0ms
11 timing config:load:user Completed in 0ms
12 timing config:load:file:/usr/local/etc/npmrc Completed in 0ms
13 timing config:load:global Completed in 0ms
14 timing config:load:setEnvs Completed in 1ms
15 timing config:load Completed in 5ms
16 timing npm:load:configload Completed in 5ms
17 timing npm:load:mkdirpcache Completed in 0ms
18 timing npm:load:mkdirplogs Completed in 0ms
19 verbose title npm install
20 verbose argv "install"
21 timing npm:load:setTitle Completed in 1ms
22 timing config:load:flatten Completed in 2ms
23 timing npm:load:display Completed in 2ms
24 verbose logfile logs-max:10 dir:/home/container/.npm/_logs/2023-03-01T15_42_43_587Z-
25 verbose logfile /home/container/.npm/_logs/2023-03-01T15_42_43_587Z-debug-0.log
26 timing npm:load:logFile Completed in 4ms
27 timing npm:load:timers Completed in 0ms
28 timing npm:load:configScope Completed in 0ms
29 timing npm:load Completed in 14ms
30 timing arborist:ctor Completed in 1ms
31 silly logfile start cleaning logs, removing 1 files
32 silly logfile done cleaning log files
33 timing idealTree:init Completed in 410ms
34 timing idealTree:userRequests Completed in 0ms
35 silly idealTree buildDeps
36 timing idealTree:#root Completed in 0ms
37 timing idealTree:buildDeps Completed in 2ms
38 timing idealTree:fixDepFlags Completed in 0ms
39 timing idealTree Completed in 418ms
40 verbose shrinkwrap failed to load node_modules/.package-lock.json missing from node_modules: discord-inviter
41 timing reify:loadTrees Completed in 924ms
42 timing reify:diffTrees Completed in 14ms
43 silly reify moves {}
44 timing reify:retireShallow Completed in 1ms
45 timing reify:createSparse Completed in 3ms
46 timing reify:loadBundles Completed in 0ms
47 silly audit bulk request {
47 silly audit   'discord-inviter': [ '0.9.1' ],
47 silly audit   '@androz2091/discord-invites-tracker': [ '1.2.3' ],
47 silly audit   '@aws-crypto/ie11-detection': [ '2.0.2' ],
47 silly audit   tslib: [ '1.14.1', '2.4.1' ],
47 silly audit   '@aws-crypto/sha256-browser': [ '2.0.0' ],
47 silly audit   '@aws-crypto/sha256-js': [ '2.0.0' ],
47 silly audit   '@aws-crypto/supports-web-crypto': [ '2.0.2' ],
47 silly audit   '@aws-crypto/util': [ '2.0.2' ],
47 silly audit   '@aws-sdk/abort-controller': [ '3.222.0' ],
47 silly audit   '@aws-sdk/client-cognito-identity': [ '3.222.0' ],
47 silly audit   '@aws-sdk/client-sso': [ '3.222.0' ],
47 silly audit   '@aws-sdk/client-sso-oidc': [ '3.222.0' ],
47 silly audit   '@aws-sdk/client-sts': [ '3.222.0' ],
47 silly audit   '@aws-sdk/config-resolver': [ '3.222.0' ],
47 silly audit   '@aws-sdk/credential-provider-cognito-identity': [ '3.222.0' ],
47 silly audit   '@aws-sdk/credential-provider-env': [ '3.222.0' ],
47 silly audit   '@aws-sdk/credential-provider-imds': [ '3.222.0' ],
47 silly audit   '@aws-sdk/credential-provider-ini': [ '3.222.0' ],
47 silly audit   '@aws-sdk/credential-provider-node': [ '3.222.0' ],
47 silly audit   '@aws-sdk/credential-provider-process': [ '3.222.0' ],
47 silly audit   '@aws-sdk/credential-provider-sso': [ '3.222.0' ],
47 silly audit   '@aws-sdk/credential-provider-web-identity': [ '3.222.0' ],
47 silly audit   '@aws-sdk/credential-providers': [ '3.222.0' ],
47 silly audit   '@aws-sdk/fetch-http-handler': [ '3.222.0' ],
47 silly audit   '@aws-sdk/hash-node': [ '3.222.0' ],
47 silly audit   '@aws-sdk/invalid-dependency': [ '3.222.0' ],
47 silly audit   '@aws-sdk/is-array-buffer': [ '3.201.0' ],
47 silly audit   '@aws-sdk/middleware-content-length': [ '3.222.0' ],
47 silly audit   '@aws-sdk/middleware-endpoint': [ '3.222.0' ],
47 silly audit   '@aws-sdk/middleware-host-header': [ '3.222.0' ],
47 silly audit   '@aws-sdk/middleware-logger': [ '3.222.0' ],
47 silly audit   '@aws-sdk/middleware-recursion-detection': [ '3.222.0' ],
47 silly audit   '@aws-sdk/middleware-retry': [ '3.222.0' ],
47 silly audit   '@aws-sdk/middleware-sdk-sts': [ '3.222.0' ],
47 silly audit   '@aws-sdk/middleware-serde': [ '3.222.0' ],
47 silly audit   '@aws-sdk/middleware-signing': [ '3.222.0' ],
47 silly audit   '@aws-sdk/middleware-stack': [ '3.222.0' ],
47 silly audit   '@aws-sdk/middleware-user-agent': [ '3.222.0' ],
47 silly audit   '@aws-sdk/node-config-provider': [ '3.222.0' ],
47 silly audit   '@aws-sdk/node-http-handler': [ '3.222.0' ],
47 silly audit   '@aws-sdk/property-provider': [ '3.222.0' ],
47 silly audit   '@aws-sdk/protocol-http': [ '3.222.0' ],
47 silly audit   '@aws-sdk/querystring-builder': [ '3.222.0' ],
47 silly audit   '@aws-sdk/querystring-parser': [ '3.222.0' ],
47 silly audit   '@aws-sdk/service-error-classification': [ '3.222.0' ],
47 silly audit   '@aws-sdk/shared-ini-file-loader': [ '3.222.0' ],
47 silly audit   '@aws-sdk/signature-v4': [ '3.222.0' ],
47 silly audit   '@aws-sdk/smithy-client': [ '3.222.0' ],
47 silly audit   '@aws-sdk/token-providers': [ '3.222.0' ],
47 silly audit   '@aws-sdk/types': [ '3.222.0' ],
47 silly audit   '@aws-sdk/url-parser': [ '3.222.0' ],
47 silly audit   '@aws-sdk/util-base64': [ '3.208.0' ],
47 silly audit   '@aws-sdk/util-body-length-browser': [ '3.188.0' ],
47 silly audit   '@aws-sdk/util-body-length-node': [ '3.208.0' ],
47 silly audit   '@aws-sdk/util-buffer-from': [ '3.208.0' ],
47 silly audit   '@aws-sdk/util-config-provider': [ '3.208.0' ],
47 silly audit   '@aws-sdk/util-defaults-mode-browser': [ '3.222.0' ],
47 silly audit   '@aws-sdk/util-defaults-mode-node': [ '3.222.0' ],
47 silly audit   '@aws-sdk/util-endpoints': [ '3.222.0' ],
47 silly audit   '@aws-sdk/util-hex-encoding': [ '3.201.0' ],
47 silly audit   '@aws-sdk/util-locate-window': [ '3.208.0' ],
47 silly audit   '@aws-sdk/util-middleware': [ '3.222.0' ],
47 silly audit   '@aws-sdk/util-retry': [ '3.222.0' ],
47 silly audit   '@aws-sdk/util-uri-escape': [ '3.201.0' ],
47 silly audit   '@aws-sdk/util-user-agent-browser': [ '3.222.0' ],
47 silly audit   '@aws-sdk/util-user-agent-node': [ '3.222.0' ],
47 silly audit   '@aws-sdk/util-utf8-browser': [ '3.188.0' ],
47 silly audit   '@aws-sdk/util-utf8-node': [ '3.208.0' ],
47 silly audit   '@babel/runtime': [ '7.20.6' ],
47 silly audit   '@derhuerst/http-basic': [ '8.2.4' ],
47 silly audit   '@discordjs/builders': [ '0.16.0', '1.4.0' ],
47 silly audit   'discord-api-types': [ '0.36.3', '0.37.20', '0.33.5', '0.22.0', '0.37.21' ],
47 silly audit   '@discordjs/collection': [ '0.7.0', '1.3.0' ],
47 silly audit   '@discordjs/rest': [ '1.4.0' ],
47 silly audit   'file-type': [ '18.0.0', '9.0.0' ],
47 silly audit   '@discordjs/util': [ '0.1.0' ],
47 silly audit   '@discordjs/voice': [ '0.14.0', '0.6.0' ],
47 silly audit   '@esbuild/linux-loong64': [ '0.14.54' ],
47 silly audit   '@haileybot/captcha-generator': [ '1.7.0' ],
47 silly audit   '@jimp/bmp': [ '0.16.2' ],
47 silly audit   '@jimp/core': [ '0.16.2' ],
47 silly audit   '@jimp/custom': [ '0.16.2' ],
47 silly audit   '@jimp/gif': [ '0.16.2' ],
47 silly audit   '@jimp/jpeg': [ '0.16.2' ],
47 silly audit   '@jimp/plugin-blit': [ '0.16.2' ],
47 silly audit   '@jimp/plugin-blur': [ '0.16.2' ],
47 silly audit   '@jimp/plugin-circle': [ '0.16.2' ],
47 silly audit   '@jimp/plugin-color': [ '0.16.2' ],
47 silly audit   '@jimp/plugin-contain': [ '0.16.2' ],
47 silly audit   '@jimp/plugin-cover': [ '0.16.2' ],
47 silly audit   '@jimp/plugin-crop': [ '0.16.2' ],
47 silly audit   '@jimp/plugin-displace': [ '0.16.2' ],
47 silly audit   '@jimp/plugin-dither': [ '0.16.2' ],
47 silly audit   '@jimp/plugin-fisheye': [ '0.16.2' ],
47 silly audit   '@jimp/plugin-flip': [ '0.16.2' ],
47 silly audit   '@jimp/plugin-gaussian': [ '0.16.2' ],
47 silly audit   '@jimp/plugin-invert': [ '0.16.2' ],
47 silly audit   '@jimp/plugin-mask': [ '0.16.2' ],
47 silly audit   '@jimp/plugin-normalize': [ '0.16.2' ],
47 silly audit   '@jimp/plugin-print': [ '0.16.2' ],
47 silly audit   '@jimp/plugin-resize': [ '0.16.2' ],
47 silly audit   '@jimp/plugin-rotate': [ '0.16.2' ],
47 silly audit   '@jimp/plugin-scale': [ '0.16.2' ],
47 silly audit   '@jimp/plugin-shadow': [ '0.16.2' ],
47 silly audit   '@jimp/plugin-threshold': [ '0.16.2' ],
47 silly audit   '@jimp/plugins': [ '0.16.2' ],
47 silly audit   '@jimp/png': [ '0.16.2' ],
47 silly audit   '@jimp/tiff': [ '0.16.2' ],
47 silly audit   '@jimp/types': [ '0.16.2' ],
47 silly audit   '@jimp/utils': [ '0.16.2' ],
47 silly audit   '@mapbox/node-pre-gyp': [ '1.0.10' ],
47 silly audit   '@napi-rs/canvas': [ '0.1.34' ],
47 silly audit   '@napi-rs/canvas-android-arm64': [ '0.1.34' ],
47 silly audit   '@napi-rs/canvas-darwin-arm64': [ '0.1.34' ],
47 silly audit   '@napi-rs/canvas-darwin-x64': [ '0.1.34' ],
47 silly audit   '@napi-rs/canvas-linux-arm-gnueabihf': [ '0.1.34' ],
47 silly audit   '@napi-rs/canvas-linux-arm64-gnu': [ '0.1.34' ],
47 silly audit   '@napi-rs/canvas-linux-arm64-musl': [ '0.1.34' ],
47 silly audit   '@napi-rs/canvas-linux-x64-gnu': [ '0.1.34' ],
47 silly audit   '@napi-rs/canvas-linux-x64-musl': [ '0.1.34' ],
47 silly audit   '@napi-rs/canvas-win32-x64-msvc': [ '0.1.34' ],
47 silly audit   '@nodelib/fs.scandir': [ '2.1.5' ],
47 silly audit   '@nodelib/fs.stat': [ '2.0.5' ],
47 silly audit   '@nodelib/fs.walk': [ '1.2.8' ],
47 silly audit   '@replit/node-fetch': [ '3.1.0' ],
47 silly audit   '@replit/repl-auth': [ '1.0.0' ],
47 silly audit   '@sapphire/async-queue': [ '1.5.0' ],
47 silly audit   '@sapphire/shapeshift': [ '3.7.1' ],
47 silly audit   '@sapphire/snowflake': [ '3.2.2' ],
47 silly audit   '@sindresorhus/is': [ '0.14.0' ],
47 silly audit   '@skyra/gifenc': [ '1.0.1' ],
47 silly audit   '@szmarczak/http-timer': [ '1.1.2' ],
47 silly audit   '@tokenizer/token': [ '0.3.0' ],
47 silly audit   '@types/body-parser': [ '1.19.2' ],
47 silly audit   '@types/bson': [ '4.0.5' ],
47 silly audit   '@types/connect': [ '3.4.35' ],
47 silly audit   '@types/express': [ '4.17.14' ],
47 silly audit   '@types/express-serve-static-core': [ '4.17.31' ],
47 silly audit   '@types/mime': [ '3.0.1' ],
47 silly audit   '@types/mongodb': [ '3.6.20' ],
47 silly audit   '@types/node': [ '18.11.10', '10.17.60', '16.9.1' ],
47 silly audit   '@types/node-fetch': [ '2.6.2' ],
47 silly audit   'form-data': [ '3.0.1', '4.0.0' ],
47 silly audit   '@types/qs': [ '6.9.7' ],
47 silly audit   '@types/range-parser': [ '1.2.4' ],
47 silly audit   '@types/serve-static': [ '1.15.0' ],
47 silly audit   '@types/webidl-conversions': [ '7.0.0' ],
47 silly audit   '@types/whatwg-url': [ '8.2.2' ],
47 silly audit   '@types/ws': [ '8.5.3', '7.4.7' ],
47 silly audit   '@vitalets/google-translate-api': [ '8.0.0' ],
47 silly audit   '@vultr/vultr-node': [ '2.3.3' ],
47 silly audit   abbrev: [ '1.1.1' ],
47 silly audit   accepts: [ '1.3.8' ],
47 silly audit   'agent-base': [ '6.0.2' ],
47 silly audit   debug: [ '4.3.4', '2.6.9', '3.1.0' ],
47 silly audit   ms: [ '2.1.2', '2.0.0', '2.1.3' ],
47 silly audit   'aki-api': [ '6.0.8' ],
47 silly audit   axios: [ '0.21.4', '1.2.1' ],
47 silly audit   'amethyste-api': [ '1.1.5' ],
47 silly audit   'ansi-regex': [ '5.0.1', '4.1.1' ],
47 silly audit   'ansi-styles': [ '4.3.0' ],
47 silly audit   'any-base': [ '1.1.0' ],
47 silly audit   'any-promise': [ '1.3.0' ],
47 silly audit   anymatch: [ '3.1.3' ],
47 silly audit   aproba: [ '2.0.0' ],
47 silly audit   'are-we-there-yet': [ '2.0.0' ],
47 silly audit   'array-flatten': [ '1.1.1' ],
47 silly audit   'array-union': [ '2.1.0' ],
47 silly audit   'ascii-table': [ '0.0.9' ],
47 silly audit   asn1: [ '0.2.6' ],
47 silly audit   asynckit: [ '0.4.0' ],
47 silly audit   'balanced-match': [ '1.0.2' ],
47 silly audit   'base64-js': [ '1.5.1' ],
47 silly audit   'bcrypt-pbkdf': [ '1.0.2' ],
47 silly audit   'better-sqlite3': [ '7.6.2' ],
47 silly audit   'binary-extensions': [ '2.2.0' ],
47 silly audit   bindings: [ '1.5.0' ],
47 silly audit   bl: [ '4.1.0', '2.2.1' ],
47 silly audit   bluebird: [ '3.5.1' ],
47 silly audit   'bmp-js': [ '0.1.0' ],
47 silly audit   'body-parser': [ '1.20.1' ],
47 silly audit   boolbase: [ '1.0.0' ],
47 silly audit   bowser: [ '2.11.0' ],
47 silly audit   'brace-expansion': [ '2.0.1', '1.1.11' ],
47 silly audit   braces: [ '3.0.2' ],
47 silly audit   bson: [ '4.7.0', '1.1.6' ],
47 silly audit   buffer: [ '5.7.1' ],
47 silly audit   'buffer-equal': [ '0.0.1' ],
47 silly audit   'buffer-from': [ '1.1.2' ],
47 silly audit   buildcheck: [ '0.0.3' ],
47 silly audit   'bundle-require': [ '3.1.2' ],
47 silly audit   busboy: [ '1.6.0' ],
47 silly audit   bytes: [ '3.1.2' ],
47 silly audit   cac: [ '6.7.14' ],
47 silly audit   'cacheable-request': [ '6.1.0' ],
47 silly audit   'get-stream': [ '5.2.0', '6.0.1', '4.1.0' ],
47 silly audit   'lowercase-keys': [ '2.0.0', '1.0.1' ],
47 silly audit   'call-bind': [ '1.0.2' ],
47 silly audit   canvacord: [ '5.4.8' ],
47 silly audit   chalk: [ '5.2.0', '4.1.2' ],
47 silly audit   canvafy: [ '2.1.0' ],
47 silly audit   canvas: [ '2.10.2' ],
47 silly audit   caseless: [ '0.12.0' ],
47 silly audit   cheerio: [ '1.0.0-rc.12' ],
47 silly audit   'cheerio-select': [ '2.1.0' ],
47 silly audit   chokidar: [ '3.5.3' ],
47 silly audit   chownr: [ '2.0.0', '1.1.4' ],
47 silly audit   'cli-table': [ '0.3.11' ],
47 silly audit   colors: [ '1.0.3', '1.4.0' ],
47 silly audit   'clone-response': [ '1.0.3' ],
47 silly audit   'mimic-response': [ '1.0.1', '2.1.0', '3.1.0' ],
47 silly audit   'color-convert': [ '2.0.1' ],
47 silly audit   'color-name': [ '1.1.4' ],
47 silly audit   'color-support': [ '1.1.3' ],
47 silly audit   'combined-stream': [ '1.0.8' ],
47 silly audit   commander: [ '4.1.1' ],
47 silly audit   'concat-map': [ '0.0.1' ],
47 silly audit   'concat-stream': [ '2.0.0' ],
47 silly audit   configstore: [ '5.0.1' ],
47 silly audit   'console-control-strings': [ '1.1.0' ],
47 silly audit   'content-disposition': [ '0.5.4' ],
47 silly audit   'content-type': [ '1.0.4' ],
47 silly audit   cookie: [ '0.5.0' ],
47 silly audit   'cookie-signature': [ '1.0.6' ],
47 silly audit   'core-util-is': [ '1.0.3' ],
47 silly audit   'cpu-features': [ '0.0.4' ],
47 silly audit   'cross-fetch': [ '3.1.5' ],
47 silly audit   'cross-spawn': [ '7.0.3' ],
47 silly audit   'crypto-random-string': [ '2.0.0' ],
47 silly audit   'css-select': [ '5.1.0' ],
47 silly audit   'css-what': [ '6.1.0' ],
47 silly audit   'davie-convert': [ '2.0.2' ],
47 silly audit   dayjs: [ '1.11.6' ],
47 silly audit   'decompress-response': [ '4.2.1', '3.3.0', '6.0.0' ],
47 silly audit   'deep-extend': [ '0.6.0' ],
47 silly audit   'defer-to-connect': [ '1.1.3' ],
47 silly audit   'delayed-stream': [ '1.0.0' ],
47 silly audit   delegates: [ '1.0.0' ],
47 silly audit   denque: [ '2.1.0', '1.5.1' ],
47 silly audit   depd: [ '2.0.0' ],
47 silly audit   destroy: [ '1.2.0' ],
47 silly audit   'detect-libc': [ '2.0.1' ],
47 silly audit   'devtools-ts': [ '1.1.3' ],
47 silly audit   'dir-glob': [ '3.0.1' ],
47 silly audit   'discord-gamecord': [ '2.1.0' ],
47 silly audit   'discord-image-generation': [ '1.4.15' ],
47 silly audit   'discord-player': [ '5.1.0' ],
47 silly audit   ws: [ '7.5.9', '8.11.0' ],
47 silly audit   'discord-together': [ '1.3.31' ],
47 silly audit   'discord.js': [ '14.7.1', '13.12.0' ],
47 silly audit   'discord-xp': [ '1.1.16' ],
47 silly audit   kareem: [ '2.3.2', '2.4.1' ],
47 silly audit   mongodb: [ '3.7.3', '4.11.0' ],
47 silly audit   'optional-require': [ '1.1.8', '1.0.3' ],
47 silly audit   mongoose: [ '5.13.15', '6.7.5' ],
47 silly audit   mpath: [ '0.8.4', '0.9.0' ],
47 silly audit   mquery: [ '3.2.5', '4.0.3' ],
47 silly audit   'safe-buffer': [ '5.1.2', '5.2.1' ],
47 silly audit   'readable-stream': [ '2.3.7', '3.6.0' ],
47 silly audit   sift: [ '13.5.2', '16.0.1' ],
47 silly audit   string_decoder: [ '1.1.1', '1.3.0' ],
47 silly audit   'discord-ytdl-core': [ '5.0.4' ],
47 silly audit   'discord.js-akinator': [ '4.0.4' ],
47 silly audit   'dom-serializer': [ '2.0.0' ],
47 silly audit   'dom-walk': [ '0.1.2' ],
47 silly audit   domelementtype: [ '2.3.0' ],
47 silly audit   domhandler: [ '5.0.3' ],
47 silly audit   domutils: [ '3.0.1' ],
47 silly audit   'dot-prop': [ '5.3.0' ],
47 silly audit   duplexer3: [ '0.1.5' ],
47 silly audit   'ee-first': [ '1.1.1' ],
47 silly audit   'emoji-regex': [ '8.0.0' ],
47 silly audit   encodeurl: [ '1.0.2' ],
47 silly audit   'end-of-stream': [ '1.4.4' ],
47 silly audit   enmap: [ '5.9.5' ],
47 silly audit   entities: [ '4.4.0' ],
47 silly audit   'env-paths': [ '2.2.1' ],
47 silly audit   esbuild: [ '0.14.54' ],
47 silly audit   'esbuild-android-64': [ '0.14.54' ],
47 silly audit   'esbuild-android-arm64': [ '0.14.54' ],
47 silly audit   'esbuild-darwin-64': [ '0.14.54' ],
47 silly audit   'esbuild-darwin-arm64': [ '0.14.54' ],
47 silly audit   'esbuild-freebsd-64': [ '0.14.54' ],
47 silly audit   'esbuild-freebsd-arm64': [ '0.14.54' ],
47 silly audit   'esbuild-linux-32': [ '0.14.54' ],
47 silly audit   'esbuild-linux-64': [ '0.14.54' ],
47 silly audit   'esbuild-linux-arm': [ '0.14.54' ],
47 silly audit   'esbuild-linux-arm64': [ '0.14.54' ],
47 silly audit   'esbuild-linux-mips64le': [ '0.14.54' ],
47 silly audit   'esbuild-linux-ppc64le': [ '0.14.54' ],
47 silly audit   'esbuild-linux-riscv64': [ '0.14.54' ],
47 silly audit   'esbuild-linux-s390x': [ '0.14.54' ],
47 silly audit   'esbuild-netbsd-64': [ '0.14.54' ],
47 silly audit   'esbuild-openbsd-64': [ '0.14.54' ],
47 silly audit   'esbuild-sunos-64': [ '0.14.54' ],
47 silly audit   'esbuild-windows-32': [ '0.14.54' ],
47 silly audit   'esbuild-windows-64': [ '0.14.54' ],
47 silly audit   'esbuild-windows-arm64': [ '0.14.54' ],
47 silly audit   'escape-html': [ '1.0.3' ],
47 silly audit   etag: [ '1.8.1' ],
47 silly audit   execa: [ '5.1.1' ],
47 silly audit   'exif-parser': [ '0.1.12' ],
47 silly audit   'expand-template': [ '2.0.3' ],
47 silly audit   express: [ '4.18.2' ],
47 silly audit   'fast-deep-equal': [ '3.1.3' ],
47 silly audit   'fast-glob': [ '3.2.12' ],
47 silly audit   'fast-xml-parser': [ '4.0.11' ],
47 silly audit   fastq: [ '1.13.0' ],
47 silly audit   'fetch-blob': [ '3.2.0' ],
47 silly audit   'ffmpeg-static': [ '5.1.0' ],
47 silly audit   'file-uri-to-path': [ '1.0.0' ],
47 silly audit   'fill-range': [ '7.0.1' ],
47 silly audit   finalhandler: [ '1.2.0' ],
47 silly audit   'follow-redirects': [ '1.15.2' ],
47 silly audit   'formdata-polyfill': [ '4.0.10' ],
47 silly audit   forwarded: [ '0.2.0' ],
47 silly audit   fresh: [ '0.5.2' ],
47 silly audit   'fs-constants': [ '1.0.0' ],
47 silly audit   'fs-minipass': [ '2.1.0' ],
47 silly audit   'fs.realpath': [ '1.0.0' ],
47 silly audit   fsevents: [ '2.3.2' ],
47 silly audit   'function-bind': [ '1.1.1' ],
47 silly audit   gauge: [ '3.0.2' ],
47 silly audit   'get-intrinsic': [ '1.1.3' ],
47 silly audit   gifencoder: [ '2.0.1' ],
47 silly audit   gifwrap: [ '0.9.4' ],
47 silly audit   'github-from-package': [ '0.0.0' ],
47 silly audit   glob: [ '8.0.3', '7.2.3', '7.1.6' ],
47 silly audit   'glob-parent': [ '5.1.2' ],
47 silly audit   global: [ '4.4.0' ],
47 silly audit   globby: [ '11.1.0' ],
47 silly audit   got: [ '9.6.0' ],
47 silly audit   'graceful-fs': [ '4.2.10' ],
47 silly audit   has: [ '1.0.3' ],
47 silly audit   'has-flag': [ '4.0.0' ],
47 silly audit   'has-symbols': [ '1.0.3' ],
47 silly audit   'has-unicode': [ '2.0.1' ],
47 silly audit   himalaya: [ '1.1.0' ],
47 silly audit   'html-entities': [ '2.3.3' ],
47 silly audit   htmlparser2: [ '8.0.1' ],
47 silly audit   'http-cache-semantics': [ '4.1.0' ],
47 silly audit   'http-errors': [ '2.0.0' ],
47 silly audit   'http-response-object': [ '3.0.2' ],
47 silly audit   'https-proxy-agent': [ '5.0.1' ],
47 silly audit   'human-signals': [ '2.1.0' ],
47 silly audit   'iconv-lite': [ '0.4.24' ],
47 silly audit   ieee754: [ '1.2.1' ],
47 silly audit   ignore: [ '5.2.1' ],
47 silly audit   'image-q': [ '4.0.0' ],
47 silly audit   imurmurhash: [ '0.1.4' ],
47 silly audit   inflight: [ '1.0.6' ],
47 silly audit   inherits: [ '2.0.4' ],
47 silly audit   ini: [ '1.3.8' ],
47 silly audit   ip: [ '2.0.0' ],
47 silly audit   'ipaddr.js': [ '1.9.1' ],
47 silly audit   'is-binary-path': [ '2.1.0' ],
47 silly audit   'is-extglob': [ '2.1.1' ],
47 silly audit   'is-fullwidth-code-point': [ '3.0.0' ],
47 silly audit   'is-function': [ '1.0.2' ],
47 silly audit   'is-glob': [ '4.0.3' ],
47 silly audit   'is-number': [ '7.0.0' ],
47 silly audit   'is-obj': [ '2.0.0' ],
47 silly audit   'is-stream': [ '2.0.1' ],
47 silly audit   'is-typedarray': [ '1.0.0' ],
47 silly audit   isarray: [ '1.0.0' ],
47 silly audit   isexe: [ '2.0.0' ],
47 silly audit   jikanjs: [ '0.7.0' ],
47 silly audit   jimp: [ '0.16.2' ],
47 silly audit   joycon: [ '3.1.1' ],
47 silly audit   'jpeg-js': [ '0.4.4' ],
47 silly audit   'json-buffer': [ '3.0.0' ],
47 silly audit   'jsonc-parser': [ '3.2.0' ],
47 silly audit   keyv: [ '3.1.0' ],
47 silly audit   libsodium: [ '0.7.10' ],
47 silly audit   'libsodium-wrappers': [ '0.7.10' ],
47 silly audit   lilconfig: [ '2.0.6' ],
47 silly audit   'lines-and-columns': [ '1.2.4' ],
47 silly audit   'load-bmfont': [ '1.4.1' ],
47 silly audit   'load-tsconfig': [ '0.2.3' ],
47 silly audit   lodash: [ '4.17.21' ],
47 silly audit   'lodash.snakecase': [ '4.1.1' ],
47 silly audit   'lodash.sortby': [ '4.7.0' ],
47 silly audit   'lodash.uniqwith': [ '4.5.0' ],
47 silly audit   'lru-cache': [ '6.0.0' ],
47 silly audit   lunr: [ '2.3.9' ],
47 silly audit   m3u8stream: [ '0.8.6' ],
47 silly audit   'make-dir': [ '3.1.0' ],
47 silly audit   semver: [ '6.3.0', '7.3.8' ],
47 silly audit   marked: [ '4.2.3' ],
47 silly audit   'media-typer': [ '0.3.0' ],
47 silly audit   'memory-pager': [ '1.5.0' ],
47 silly audit   'merge-descriptors': [ '1.0.1' ],
47 silly audit   'merge-stream': [ '2.0.0' ],
47 silly audit   merge2: [ '1.4.1' ],
47 silly audit   methods: [ '1.1.2' ],
47 silly audit   micromatch: [ '4.0.5' ],
47 silly audit   mime: [ '1.6.0' ],
47 silly audit   'mime-db': [ '1.52.0' ],
47 silly audit   'mime-types': [ '2.1.35' ],
47 silly audit   'mimic-fn': [ '2.1.0' ],
47 silly audit   'min-document': [ '2.19.0' ],
47 silly audit   miniget: [ '4.2.2' ],
47 silly audit   minimatch: [ '5.1.1', '3.1.2' ],
47 silly audit   minimist: [ '1.2.7' ],
47 silly audit   minipass: [ '3.3.6' ],
47 silly audit   minizlib: [ '2.1.2' ],
47 silly audit   mkdirp: [ '0.5.6', '1.0.4' ],
47 silly audit   'mkdirp-classic': [ '0.5.3' ],
47 silly audit   moment: [ '2.29.4' ],
47 silly audit   'moment-duration-format': [ '2.3.2' ],
47 silly audit   'mongodb-connection-string-url': [ '2.6.0' ],
47 silly audit   'mongoose-legacy-pluralize': [ '1.0.2' ],
47 silly audit   mz: [ '2.7.0' ],
47 silly audit   nan: [ '2.17.0' ],
47 silly audit   naotori: [ '1.1.1' ],
47 silly audit   'napi-build-utils': [ '1.0.2' ],
47 silly audit   negotiator: [ '0.6.3' ],
47 silly audit   'node-abi': [ '3.30.0' ],
47 silly audit   'node-domexception': [ '1.0.0' ],
47 silly audit   'node-fetch': [ '2.6.7' ],
47 silly audit   tr46: [ '0.0.3', '1.0.1', '3.0.0' ],
47 silly audit   'webidl-conversions': [ '3.0.1', '4.0.2', '7.0.0' ],
47 silly audit   'whatwg-url': [ '5.0.0', '7.1.0', '11.0.0' ],
47 silly audit   'node-ssh': [ '12.0.5' ],
47 silly audit   nopt: [ '5.0.0' ],
47 silly audit   'normalize-path': [ '3.0.0' ],
47 silly audit   'normalize-url': [ '4.5.1' ],
47 silly audit   'npm-run-path': [ '4.0.1' ],
47 silly audit   npmlog: [ '5.0.1' ],
47 silly audit   'nth-check': [ '2.1.1' ],
47 silly audit   'object-assign': [ '4.1.1' ],
47 silly audit   'object-inspect': [ '1.12.2' ],
47 silly audit   omggif: [ '1.0.10' ],
47 silly audit   'on-change': [ '2.2.3' ],
47 silly audit   'on-finished': [ '2.4.1' ],
47 silly audit   once: [ '1.4.0' ],
47 silly audit   onetime: [ '5.1.2' ],
47 silly audit   opusscript: [ '0.0.8' ],
47 silly audit   'p-cancelable': [ '1.1.0' ],
47 silly audit   pako: [ '1.0.11' ],
47 silly audit   'parse-bmfont-ascii': [ '1.0.6' ],
47 silly audit   'parse-bmfont-binary': [ '1.0.6' ],
47 silly audit   'parse-bmfont-xml': [ '1.1.4' ],
47 silly audit   'parse-cache-control': [ '1.0.1' ],
47 silly audit   'parse-headers': [ '2.0.5' ],
47 silly audit   'parse-ms': [ '2.1.0' ],
47 silly audit   parse5: [ '7.1.2' ],
47 silly audit   'parse5-htmlparser2-tree-adapter': [ '7.0.0' ],
47 silly audit   parseurl: [ '1.3.3' ],
47 silly audit   'path-is-absolute': [ '1.0.1' ],
47 silly audit   'path-key': [ '3.1.1' ],
47 silly audit   'path-to-regexp': [ '0.1.7' ],
47 silly audit   'path-type': [ '4.0.0' ],
47 silly audit   'peek-readable': [ '5.0.0' ],
47 silly audit   phin: [ '2.9.3' ],
47 silly audit   picomatch: [ '2.3.1' ],
47 silly audit   pirates: [ '4.0.5' ],
47 silly audit   pixelmatch: [ '4.0.2' ],
47 silly audit   'play-audio': [ '0.5.2' ],
47 silly audit   'play-dl': [ '1.9.6' ],
47 silly audit   pngjs: [ '3.4.0' ],
47 silly audit   'postcss-load-config': [ '3.1.4' ],
47 silly audit   'prebuild-install': [ '7.1.1' ],
47 silly audit   'simple-get': [ '4.0.1', '3.1.1' ],
47 silly audit   'prepend-http': [ '2.0.0' ],
47 silly audit   'pretty-ms': [ '7.0.1' ],
47 silly audit   'prism-media': [ '1.3.4' ],
47 silly audit   'pro.db': [ '3.0.8' ],
47 silly audit   process: [ '0.11.10' ],
47 silly audit   'process-nextick-args': [ '2.0.1' ],
47 silly audit   progress: [ '2.0.3' ],
47 silly audit   'prompt-sync': [ '4.2.0' ],
47 silly audit   'strip-ansi': [ '5.2.0', '6.0.1' ],
47 silly audit   'proxy-addr': [ '2.0.7' ],
47 silly audit   'proxy-from-env': [ '1.1.0' ],
47 silly audit   pump: [ '3.0.0' ],
47 silly audit   punycode: [ '2.1.1' ],
47 silly audit   qs: [ '6.11.0' ],
47 silly audit   'queue-microtask': [ '1.2.3' ],
47 silly audit   'quick.db': [ '7.1.3' ],
47 silly audit   randombytes: [ '2.1.0' ],
47 silly audit   'range-parser': [ '1.2.1' ],
47 silly audit   'raw-body': [ '2.5.1' ],
47 silly audit   rc: [ '1.2.8' ],
47 silly audit   'readable-web-to-node-stream': [ '3.0.2' ],
47 silly audit   readdirp: [ '3.6.0' ],
47 silly audit   'regenerator-runtime': [ '0.13.11' ],
47 silly audit   'regexp-clone': [ '1.0.0' ],
47 silly audit   'require-at': [ '1.0.6' ],
47 silly audit   'resolve-from': [ '5.0.0' ],
47 silly audit   responselike: [ '1.0.2' ],
47 silly audit   reusify: [ '1.0.4' ],
47 silly audit   rimraf: [ '3.0.2' ],
47 silly audit   rollup: [ '2.79.1' ],
47 silly audit   'run-parallel': [ '1.2.0' ],
47 silly audit   'safer-buffer': [ '2.1.2' ],
47 silly audit   saslprep: [ '1.0.3' ],
47 silly audit   sax: [ '1.2.4' ],
47 silly audit   'sb-promise-queue': [ '2.1.0' ],
47 silly audit   'sb-scandir': [ '3.1.0' ],
47 silly audit   send: [ '0.18.0' ],
47 silly audit   'serialize-javascript': [ '6.0.1' ],
47 silly audit   'serve-static': [ '1.15.0' ],
47 silly audit   'set-blocking': [ '2.0.0' ],
47 silly audit   setprototypeof: [ '1.2.0' ],
47 silly audit   'shebang-command': [ '2.0.0' ],
47 silly audit   'shebang-regex': [ '3.0.0' ],
47 silly audit   'shell-escape': [ '0.2.0' ],
47 silly audit   shiki: [ '0.10.1' ],
47 silly audit   'side-channel': [ '1.0.4' ],
47 silly audit   'signal-exit': [ '3.0.7' ],
47 silly audit   'simple-concat': [ '1.0.1' ],
47 silly audit   slash: [ '3.0.0' ],
47 silly audit   sliced: [ '1.0.1' ],
47 silly audit   'smart-buffer': [ '4.2.0' ],
47 silly audit   socks: [ '2.7.1' ],
47 silly audit   'soundcloud-scraper': [ '5.0.3' ],
47 silly audit   'source-map': [ '0.8.0-beta.0' ],
47 silly audit   'sparse-bitfield': [ '3.0.3' ],
47 silly audit   'spotify-uri': [ '2.2.2' ],
47 silly audit   'spotify-url-info': [ '2.2.9' ],
47 silly audit   ssh2: [ '1.11.0' ],
47 silly audit   statuses: [ '2.0.1' ],
47 silly audit   streamsearch: [ '1.1.0' ],
47 silly audit   'string-width': [ '4.2.3' ],
47 silly audit   'strip-final-newline': [ '2.0.0' ],
47 silly audit   'strip-json-comments': [ '2.0.1' ],
47 silly audit   strnum: [ '1.0.5' ],
47 silly audit   strtok3: [ '7.0.0' ],
47 silly audit   sucrase: [ '3.29.0' ],
47 silly audit   'supports-color': [ '7.2.0' ],
47 silly audit   tar: [ '6.1.12' ],
47 silly audit   'tar-fs': [ '2.1.1' ],
47 silly audit   'tar-stream': [ '2.2.0' ],
47 silly audit   thenify: [ '3.3.1' ],
47 silly audit   'thenify-all': [ '1.6.0' ],
47 silly audit   timm: [ '1.7.1' ],
47 silly audit   'tiny-typed-emitter': [ '2.1.0' ],
47 silly audit   tinycolor2: [ '1.4.2' ],
47 silly audit   'to-readable-stream': [ '1.0.0' ],
47 silly audit   'to-regex-range': [ '5.0.1' ],
47 silly audit   toidentifier: [ '1.0.1' ],
47 silly audit   'token-types': [ '5.0.1' ],
47 silly audit   'tree-kill': [ '1.2.2' ],
47 silly audit   'ts-interface-checker': [ '0.1.13' ],
47 silly audit   'ts-mixer': [ '6.0.2' ],
47 silly audit   tsup: [ '5.12.9' ],
47 silly audit   'tunnel-agent': [ '0.6.0' ],
47 silly audit   tweetnacl: [ '0.14.5' ],
47 silly audit   'type-is': [ '1.6.18' ],
47 silly audit   typedarray: [ '0.0.6' ],
47 silly audit   'typedarray-to-buffer': [ '3.1.5' ],
47 silly audit   typedoc: [ '0.22.18' ],
47 silly audit   'typedoc-plugin-missing-exports': [ '0.22.6' ],
47 silly audit   typescript: [ '4.7.4' ],
47 silly audit   undici: [ '5.13.0' ],
47 silly audit   'unique-string': [ '2.0.0' ],
47 silly audit   unpipe: [ '1.0.0' ],
47 silly audit   'url-parse-lax': [ '3.0.0' ],
47 silly audit   utif: [ '2.0.1' ],
47 silly audit   'util-deprecate': [ '1.0.2' ],
47 silly audit   'utils-merge': [ '1.0.1' ],
47 silly audit   uuid: [ '8.3.2' ],
47 silly audit   vary: [ '1.1.2' ],
47 silly audit   'vscode-oniguruma': [ '1.7.0' ],
47 silly audit   'vscode-textmate': [ '5.2.0' ],
47 silly audit   'web-streams-polyfill': [ '3.2.1' ],
47 silly audit   which: [ '2.0.2' ],
47 silly audit   'wide-align': [ '1.1.5' ],
47 silly audit   wrappy: [ '1.0.2' ],
47 silly audit   'write-file-atomic': [ '3.0.3' ],
47 silly audit   'xdg-basedir': [ '4.0.0' ],
47 silly audit   xhr: [ '2.6.0' ],
47 silly audit   'xml-parse-from-string': [ '1.0.1' ],
47 silly audit   xml2js: [ '0.4.23' ],
47 silly audit   xmlbuilder: [ '11.0.1' ],
47 silly audit   xtend: [ '4.0.2' ],
47 silly audit   yallist: [ '4.0.0' ],
47 silly audit   yaml: [ '1.10.2' ],
47 silly audit   'youtube-sr': [ '4.3.4' ],
47 silly audit   'ytdl-core': [ '4.11.2' ]
47 silly audit }
48 verbose reify failed optional dependency /home/container/node_modules/fsevents
49 silly reify mark deleted [ '/home/container/node_modules/fsevents' ]
50 verbose reify failed optional dependency /home/container/node_modules/esbuild-windows-arm64
51 silly reify mark deleted [ '/home/container/node_modules/esbuild-windows-arm64' ]
52 verbose reify failed optional dependency /home/container/node_modules/esbuild-windows-64
53 silly reify mark deleted [ '/home/container/node_modules/esbuild-windows-64' ]
54 verbose reify failed optional dependency /home/container/node_modules/esbuild-windows-32
55 silly reify mark deleted [ '/home/container/node_modules/esbuild-windows-32' ]
56 verbose reify failed optional dependency /home/container/node_modules/esbuild-sunos-64
57 silly reify mark deleted [ '/home/container/node_modules/esbuild-sunos-64' ]
58 verbose reify failed optional dependency /home/container/node_modules/esbuild-openbsd-64
59 silly reify mark deleted [ '/home/container/node_modules/esbuild-openbsd-64' ]
60 verbose reify failed optional dependency /home/container/node_modules/esbuild-netbsd-64
61 silly reify mark deleted [ '/home/container/node_modules/esbuild-netbsd-64' ]
62 verbose reify failed optional dependency /home/container/node_modules/esbuild-linux-s390x
63 silly reify mark deleted [ '/home/container/node_modules/esbuild-linux-s390x' ]
64 verbose reify failed optional dependency /home/container/node_modules/esbuild-linux-riscv64
65 silly reify mark deleted [ '/home/container/node_modules/esbuild-linux-riscv64' ]
66 verbose reify failed optional dependency /home/container/node_modules/esbuild-linux-ppc64le
67 silly reify mark deleted [ '/home/container/node_modules/esbuild-linux-ppc64le' ]
68 verbose reify failed optional dependency /home/container/node_modules/esbuild-linux-mips64le
69 silly reify mark deleted [ '/home/container/node_modules/esbuild-linux-mips64le' ]
70 verbose reify failed optional dependency /home/container/node_modules/esbuild-linux-arm64
71 silly reify mark deleted [ '/home/container/node_modules/esbuild-linux-arm64' ]
72 verbose reify failed optional dependency /home/container/node_modules/esbuild-linux-arm
73 silly reify mark deleted [ '/home/container/node_modules/esbuild-linux-arm' ]
74 verbose reify failed optional dependency /home/container/node_modules/esbuild-linux-32
75 silly reify mark deleted [ '/home/container/node_modules/esbuild-linux-32' ]
76 verbose reify failed optional dependency /home/container/node_modules/esbuild-freebsd-arm64
77 silly reify mark deleted [ '/home/container/node_modules/esbuild-freebsd-arm64' ]
78 verbose reify failed optional dependency /home/container/node_modules/esbuild-freebsd-64
79 silly reify mark deleted [ '/home/container/node_modules/esbuild-freebsd-64' ]
80 verbose reify failed optional dependency /home/container/node_modules/esbuild-darwin-arm64
81 silly reify mark deleted [ '/home/container/node_modules/esbuild-darwin-arm64' ]
82 verbose reify failed optional dependency /home/container/node_modules/esbuild-darwin-64
83 silly reify mark deleted [ '/home/container/node_modules/esbuild-darwin-64' ]
84 verbose reify failed optional dependency /home/container/node_modules/esbuild-android-arm64
85 silly reify mark deleted [ '/home/container/node_modules/esbuild-android-arm64' ]
86 verbose reify failed optional dependency /home/container/node_modules/esbuild-android-64
87 silly reify mark deleted [ '/home/container/node_modules/esbuild-android-64' ]
88 verbose reify failed optional dependency /home/container/node_modules/@napi-rs/canvas-win32-x64-msvc
89 silly reify mark deleted [ '/home/container/node_modules/@napi-rs/canvas-win32-x64-msvc' ]
90 verbose reify failed optional dependency /home/container/node_modules/@napi-rs/canvas-linux-arm64-musl
91 silly reify mark deleted [ '/home/container/node_modules/@napi-rs/canvas-linux-arm64-musl' ]
92 verbose reify failed optional dependency /home/container/node_modules/@napi-rs/canvas-linux-arm64-gnu
93 silly reify mark deleted [ '/home/container/node_modules/@napi-rs/canvas-linux-arm64-gnu' ]
94 verbose reify failed optional dependency /home/container/node_modules/@napi-rs/canvas-linux-arm-gnueabihf
95 silly reify mark deleted [ '/home/container/node_modules/@napi-rs/canvas-linux-arm-gnueabihf' ]
96 verbose reify failed optional dependency /home/container/node_modules/@napi-rs/canvas-darwin-x64
97 silly reify mark deleted [ '/home/container/node_modules/@napi-rs/canvas-darwin-x64' ]
98 verbose reify failed optional dependency /home/container/node_modules/@napi-rs/canvas-darwin-arm64
99 silly reify mark deleted [ '/home/container/node_modules/@napi-rs/canvas-darwin-arm64' ]
100 verbose reify failed optional dependency /home/container/node_modules/@napi-rs/canvas-android-arm64
101 silly reify mark deleted [ '/home/container/node_modules/@napi-rs/canvas-android-arm64' ]
102 verbose reify failed optional dependency /home/container/node_modules/@esbuild/linux-loong64
103 silly reify mark deleted [ '/home/container/node_modules/@esbuild/linux-loong64' ]
104 timing reifyNode:node_modules/fsevents Completed in 23ms
105 timing reifyNode:node_modules/esbuild-windows-arm64 Completed in 23ms
106 timing reifyNode:node_modules/esbuild-windows-64 Completed in 23ms
107 timing reifyNode:node_modules/esbuild-windows-32 Completed in 23ms
108 timing reifyNode:node_modules/esbuild-sunos-64 Completed in 23ms
109 timing reifyNode:node_modules/esbuild-openbsd-64 Completed in 23ms
110 timing reifyNode:node_modules/esbuild-netbsd-64 Completed in 23ms
111 timing reifyNode:node_modules/esbuild-linux-s390x Completed in 23ms
112 timing reifyNode:node_modules/esbuild-linux-riscv64 Completed in 23ms
113 timing reifyNode:node_modules/esbuild-linux-ppc64le Completed in 23ms
114 timing reifyNode:node_modules/esbuild-linux-mips64le Completed in 23ms
115 timing reifyNode:node_modules/esbuild-linux-arm64 Completed in 23ms
116 timing reifyNode:node_modules/esbuild-linux-arm Completed in 23ms
117 timing reifyNode:node_modules/esbuild-linux-32 Completed in 23ms
118 timing reifyNode:node_modules/esbuild-freebsd-arm64 Completed in 22ms
119 timing reifyNode:node_modules/esbuild-freebsd-64 Completed in 22ms
120 timing reifyNode:node_modules/esbuild-darwin-arm64 Completed in 22ms
121 timing reifyNode:node_modules/esbuild-darwin-64 Completed in 22ms
122 timing reifyNode:node_modules/esbuild-android-arm64 Completed in 22ms
123 timing reifyNode:node_modules/esbuild-android-64 Completed in 22ms
124 timing reifyNode:node_modules/@napi-rs/canvas-win32-x64-msvc Completed in 22ms
125 timing reifyNode:node_modules/@napi-rs/canvas-linux-arm64-musl Completed in 22ms
126 timing reifyNode:node_modules/@napi-rs/canvas-linux-arm64-gnu Completed in 22ms
127 timing reifyNode:node_modules/@napi-rs/canvas-linux-arm-gnueabihf Completed in 22ms
128 timing reifyNode:node_modules/@napi-rs/canvas-darwin-x64 Completed in 22ms
129 timing reifyNode:node_modules/@napi-rs/canvas-darwin-arm64 Completed in 22ms
130 timing reifyNode:node_modules/@napi-rs/canvas-android-arm64 Completed in 21ms
131 timing reifyNode:node_modules/@esbuild/linux-loong64 Completed in 21ms
132 timing reifyNode:node_modules/@napi-rs/canvas-linux-x64-musl Completed in 282ms
133 timing reify:unpack Completed in 285ms
134 timing reify:unretire Completed in 0ms
135 timing build:queue Completed in 1ms
136 info run @napi-rs/canvas-linux-x64-musl@0.1.34 install node_modules/@napi-rs/canvas-linux-x64-musl node install.js
137 info run @napi-rs/canvas-linux-x64-musl@0.1.34 install { code: 1, signal: null }
138 verbose reify failed optional dependency /home/container/node_modules/@napi-rs/canvas-linux-x64-musl
139 silly reify mark deleted [ '/home/container/node_modules/@napi-rs/canvas-linux-x64-musl' ]
140 timing build:run:install:node_modules/@napi-rs/canvas-linux-x64-musl Completed in 49ms
141 timing build:run:install Completed in 50ms
142 timing build:deps Completed in 51ms
143 timing build Completed in 52ms
144 timing reify:build Completed in 52ms
145 timing reify:trash Completed in 8ms
146 http fetch POST 200 https://registry.npmjs.org/-/npm/v1/security/advisories/bulk 451ms
147 timing auditReport:getReport Completed in 460ms
148 silly audit report {
148 silly audit report   got: [
148 silly audit report     {
148 silly audit report       id: 1088948,
148 silly audit report       url: 'https://github.com/advisories/GHSA-pfrx-2q88-qq97',
148 silly audit report       title: 'Got allows a redirect to a UNIX socket',
148 silly audit report       severity: 'moderate',
148 silly audit report       vulnerable_versions: '<11.8.5',
148 silly audit report       cwe: [],
148 silly audit report       cvss: [Object]
148 silly audit report     }
148 silly audit report   ],
148 silly audit report   'http-cache-semantics': [
148 silly audit report     {
148 silly audit report       id: 1090532,
148 silly audit report       url: 'https://github.com/advisories/GHSA-rc47-6667-2j5j',
148 silly audit report       title: 'http-cache-semantics vulnerable to Regular Expression Denial of Service',
148 silly audit report       severity: 'high',
148 silly audit report       vulnerable_versions: '<4.1.1',
148 silly audit report       cwe: [Array],
148 silly audit report       cvss: [Object]
148 silly audit report     }
148 silly audit report   ],
148 silly audit report   undici: [
148 silly audit report     {
148 silly audit report       id: 1091088,
148 silly audit report       url: 'https://github.com/advisories/GHSA-r6ch-mqf9-qc9w',
148 silly audit report       title: 'Regular Expression Denial of Service in Headers',
148 silly audit report       severity: 'high',
148 silly audit report       vulnerable_versions: '<5.19.1',
148 silly audit report       cwe: [Array],
148 silly audit report       cvss: [Object]
148 silly audit report     },
148 silly audit report     {
148 silly audit report       id: 1091151,
148 silly audit report       url: 'https://github.com/advisories/GHSA-5r9g-qh6m-jxff',
148 silly audit report       title: 'CRLF Injection in Nodejs ‘undici’ via host',
148 silly audit report       severity: 'moderate',
148 silly audit report       vulnerable_versions: '>=2.0.0 <5.19.1',
148 silly audit report       cwe: [Array],
148 silly audit report       cvss: [Object]
148 silly audit report     }
148 silly audit report   ]
148 silly audit report }
149 timing reify:save Completed in 106ms
150 timing metavuln:cache:get:security-advisory:got:6RwqOtyKHRfIYfVtDkU86+jmAkm03OLYFGvOQUWcpuzfU8h8RNz3w5ZFTGeJ+8QNC0jGK3xFL9UvdqMN+kLCrg== Completed in 39ms
151 timing metavuln:cache:get:security-advisory:http-cache-semantics:RZkip6EYJtyEt/UL3+okkoXm+B53JgBI1sYCHIB0OBaifpHyBIKE6OFHLGc/tWG9l9E9gUJf1PslcXfSi2KE9Q== Completed in 38ms
152 timing metavuln:cache:get:security-advisory:undici:baMmQIWZBa6WnO8P3a71muKjtzGPttvtCQzYBrz8j3QU7bu5e5bKYSz9qxG7SJA/7Rx1Vr9eqhmA4qPMt/vT0Q== Completed in 39ms
153 timing metavuln:cache:get:security-advisory:undici:nQObUsuTAJw3uIE2fDBnnvZ/K+sGYoQceZrAoY2KQ7iHjP+DKZ89jIOBQ7el1efh19OJOpXHaTafU32tKOzZ9Q== Completed in 39ms
154 http fetch GET 200 https://registry.npmjs.org/http-cache-semantics 46ms (cache hit)
155 timing metavuln:packument:http-cache-semantics Completed in 46ms
156 timing metavuln:load:security-advisory:http-cache-semantics:1090532 Completed in 1ms
157 timing metavuln:calculate:security-advisory:http-cache-semantics:1090532 Completed in 47ms
158 http fetch GET 200 https://registry.npmjs.org/got 49ms (cache hit)
159 timing metavuln:packument:got Completed in 51ms
160 timing metavuln:load:security-advisory:got:1088948 Completed in 1ms
161 timing metavuln:calculate:security-advisory:got:1088948 Completed in 53ms
162 http fetch GET 200 https://registry.npmjs.org/undici 52ms (cache hit)
163 timing metavuln:packument:undici Completed in 54ms
164 timing metavuln:load:security-advisory:undici:1091088 Completed in 5ms
165 timing metavuln:calculate:security-advisory:undici:1091088 Completed in 59ms
166 timing metavuln:load:security-advisory:undici:1091151 Completed in 1ms
167 timing metavuln:calculate:security-advisory:undici:1091151 Completed in 60ms
168 timing metavuln:cache:get:security-advisory:@vitalets/google-translate-api:0C3eRZhbpddtOz9EgKImrD71c8Xcj3xJXX2FuzlKOmhNv9PEmH0mMRLEgpjEBAmYcb2pJeDR+au5ak7dU7f3AQ== Completed in 1ms
169 http fetch GET 200 https://registry.npmjs.org/@vitalets%2fgoogle-translate-api 4ms (cache hit)
170 timing metavuln:packument:@vitalets/google-translate-api Completed in 4ms
171 timing metavuln:load:security-advisory:@vitalets/google-translate-api:6RwqOtyKHRfIYfVtDkU86+jmAkm03OLYFGvOQUWcpuzfU8h8RNz3w5ZFTGeJ+8QNC0jGK3xFL9UvdqMN+kLCrg== Completed in 0ms
172 timing metavuln:calculate:security-advisory:@vitalets/google-translate-api:6RwqOtyKHRfIYfVtDkU86+jmAkm03OLYFGvOQUWcpuzfU8h8RNz3w5ZFTGeJ+8QNC0jGK3xFL9UvdqMN+kLCrg== Completed in 5ms
173 timing metavuln:cache:get:security-advisory:cacheable-request:F7t+DvBbLUOBbBdSPhRG0Mq9l20mb4cWArku3Qd4yGfXUouPetshca04e8LPHOD4MVgTXbV40pmZifdKtETeUw== Completed in 1ms
174 http fetch GET 200 https://registry.npmjs.org/cacheable-request 3ms (cache hit)
175 timing metavuln:packument:cacheable-request Completed in 4ms
176 timing metavuln:load:security-advisory:cacheable-request:RZkip6EYJtyEt/UL3+okkoXm+B53JgBI1sYCHIB0OBaifpHyBIKE6OFHLGc/tWG9l9E9gUJf1PslcXfSi2KE9Q== Completed in 0ms
177 timing metavuln:calculate:security-advisory:cacheable-request:RZkip6EYJtyEt/UL3+okkoXm+B53JgBI1sYCHIB0OBaifpHyBIKE6OFHLGc/tWG9l9E9gUJf1PslcXfSi2KE9Q== Completed in 4ms
178 timing metavuln:cache:get:security-advisory:@discordjs/rest:LsrgDcW5Pnj/U0JatSgLjQxN1hIblpg1cT+aCCd1Soe2WQZWZ4ixtCQp7Gyne8TknqMOUHg7U/bsD48bwWOZJw== Completed in 2ms
179 timing metavuln:cache:get:security-advisory:discord.js:LKDKGymGJFxamiR2Yj9dqNxvjeoCHjTAzWhdu09zEUieK+pbM2hDTkjVMiNQgA+E1VzTNYsQhYH0VgfsC9g2Lw== Completed in 2ms
180 http fetch GET 200 https://registry.npmjs.org/@discordjs%2frest 8ms (cache hit)
181 timing metavuln:packument:@discordjs/rest Completed in 14ms
182 timing metavuln:load:security-advisory:@discordjs/rest:baMmQIWZBa6WnO8P3a71muKjtzGPttvtCQzYBrz8j3QU7bu5e5bKYSz9qxG7SJA/7Rx1Vr9eqhmA4qPMt/vT0Q== Completed in 5ms
183 timing metavuln:calculate:security-advisory:@discordjs/rest:baMmQIWZBa6WnO8P3a71muKjtzGPttvtCQzYBrz8j3QU7bu5e5bKYSz9qxG7SJA/7Rx1Vr9eqhmA4qPMt/vT0Q== Completed in 19ms
184 http fetch GET 200 https://registry.npmjs.org/discord.js 24ms (cache hit)
185 timing metavuln:packument:discord.js Completed in 34ms
186 timing metavuln:load:security-advisory:discord.js:baMmQIWZBa6WnO8P3a71muKjtzGPttvtCQzYBrz8j3QU7bu5e5bKYSz9qxG7SJA/7Rx1Vr9eqhmA4qPMt/vT0Q== Completed in 12ms
187 timing metavuln:calculate:security-advisory:discord.js:baMmQIWZBa6WnO8P3a71muKjtzGPttvtCQzYBrz8j3QU7bu5e5bKYSz9qxG7SJA/7Rx1Vr9eqhmA4qPMt/vT0Q== Completed in 46ms
188 timing metavuln:cache:get:security-advisory:discord.js-akinator:uGbY3aNVLJmzWFUuMXxGuHP0koF+2j82XlkpkDnML3g00o+XMJEXaNZRIfKTITeebPl2auJ7LftSc6xFrxPfrg== Completed in 6ms
189 http fetch GET 200 https://registry.npmjs.org/discord.js-akinator 7ms (cache hit)
190 timing metavuln:packument:discord.js-akinator Completed in 9ms
191 timing metavuln:load:security-advisory:discord.js-akinator:0C3eRZhbpddtOz9EgKImrD71c8Xcj3xJXX2FuzlKOmhNv9PEmH0mMRLEgpjEBAmYcb2pJeDR+au5ak7dU7f3AQ== Completed in 0ms
192 timing metavuln:calculate:security-advisory:discord.js-akinator:0C3eRZhbpddtOz9EgKImrD71c8Xcj3xJXX2FuzlKOmhNv9PEmH0mMRLEgpjEBAmYcb2pJeDR+au5ak7dU7f3AQ== Completed in 9ms
193 timing auditReport:init Completed in 131ms
194 timing reify:audit Completed in 592ms
195 timing reify Completed in 1539ms
196 silly ADD
197 silly ADD
198 silly ADD
199 silly ADD
200 silly ADD
201 silly ADD
202 silly ADD
203 silly ADD
204 silly ADD
205 silly ADD
206 silly ADD
207 silly ADD
208 silly ADD
209 silly ADD
210 silly ADD
211 silly ADD
212 silly ADD
213 silly ADD
214 silly ADD
215 silly ADD
216 silly ADD
217 silly ADD
218 silly ADD
219 silly ADD
220 silly ADD
221 silly ADD
222 silly ADD
223 silly ADD
224 silly ADD
225 timing command:install Completed in 1555ms
226 verbose exit 0
227 timing npm Completed in 1579ms
228 info ok
